[2024-04-08T14:53:12.280] [INFO] default - Server running on port 8000 ...
[2024-04-08T14:53:12.287] [INFO] default - Socket listening on port 8100 ...
[2024-04-08T16:16:11.007] [INFO] default - Server running on port 8000 ...
[2024-04-08T16:16:11.016] [INFO] default - Socket listening on port 8100 ...
[2024-04-08T16:16:47.451] [INFO] default - Server running on port 8000 ...
[2024-04-08T16:16:47.457] [INFO] default - Socket listening on port 8100 ...
[2024-04-08T16:21:31.250] [INFO] default - Server running on port 8000 ...
[2024-04-08T16:21:31.257] [INFO] default - Socket listening on port 8100 ...
[2024-04-08T16:23:30.881] [INFO] default - Server running on port 8000 ...
[2024-04-08T16:23:30.887] [INFO] default - Socket listening on port 8100 ...
[2024-04-08T16:29:51.154] [INFO] default - Server running on port 8000 ...
[2024-04-08T16:29:51.160] [INFO] default - Socket listening on port 8100 ...
[2024-04-08T16:30:07.786] [INFO] default - Server running on port 8000 ...
[2024-04-08T16:30:07.792] [INFO] default - Socket listening on port 8100 ...
[2024-04-08T16:36:59.785] [INFO] default - Server running on port 8000 ...
[2024-04-08T16:36:59.792] [INFO] default - Socket listening on port 8100 ...
[2024-04-08T16:36:59.835] [WARN] default - Connected!!!
[2024-04-08T16:44:05.832] [INFO] default - Server running on port 8000 ...
[2024-04-08T16:44:05.840] [INFO] default - Socket listening on port 8100 ...
[2024-04-08T16:44:05.865] [WARN] default - Connected!!!
[2024-04-08T16:44:40.590] [INFO] default - Server running on port 8000 ...
[2024-04-08T16:44:40.597] [INFO] default - Socket listening on port 8100 ...
[2024-04-08T16:45:10.503] [ERROR] default - MongooseServerSelectionError: getaddrinfo ENOTFOUND mongo_db
    at _handleConnectionErrors (C:\Users\trung\Desktop\LawFinder_Server\node_modules\mongoose\lib\connection.js:875:11)
    at NativeConnection.openUri (C:\Users\trung\Desktop\LawFinder_Server\node_modules\mongoose\lib\connection.js:826:11)
    at runNextTicks (node:internal/process/task_queues:60:5)
    at listOnTimeout (node:internal/timers:538:9)
    at process.processTimers (node:internal/timers:512:7) {
  reason: TopologyDescription {
    type: 'Unknown',
    servers: Map(1) { 'mongo_db:27017' => [ServerDescription] },
    stale: false,
    compatible: true,
    heartbeatFrequencyMS: 10000,
    localThresholdMS: 15,
    setName: null,
    maxElectionId: null,
    maxSetVersion: null,
    commonWireVersion: 0,
    logicalSessionTimeoutMinutes: null
  },
  code: undefined
}
[2024-04-08T16:46:00.912] [INFO] default - Server running on port 8000 ...
[2024-04-08T16:46:00.918] [INFO] default - Socket listening on port 8100 ...
[2024-04-08T16:46:00.950] [WARN] default - Connected!!!
